#
# A fatal error has been detected by the Java Runtime Environment:
#
#  Internal Error (javaClasses.cpp:136), pid=7856, tid=7400
#  fatal error: Invalid layout of preloaded class
#
# JRE version:  (7.0_51-b13) (build )
# Java VM: Java HotSpot(TM) Client VM (24.51-b03 mixed mode windows-x86 )
# Failed to write core dump. Minidumps are not enabled by default on client versions of Windows
#
# If you would like to submit a bug report, please visit:
#   http://bugreport.sun.com/bugreport/crash.jsp
#

---------------  T H R E A D  ---------------

Current thread (0x0130c800):  JavaThread "Unknown thread" [_thread_in_vm, id=7400, stack(0x01150000,0x011a0000)]

Stack: [0x01150000,0x011a0000],  sp=0x0119f6c4,  free space=317k
Native frames: (J=compiled Java code, j=interpreted, Vv=VM code, C=native code)
V  [jvm.dll+0x18e0f1]
V  [jvm.dll+0x187e66]
V  [jvm.dll+0x3586a]
V  [jvm.dll+0x358f6]
V  [jvm.dll+0x4400d]
V  [jvm.dll+0x442be]
V  [jvm.dll+0x9263a]
V  [jvm.dll+0x929eb]
V  [jvm.dll+0x13dc51]
V  [jvm.dll+0x16076c]
V  [jvm.dll+0xc8ebf]
C  [javaw.exe+0x13ce]
C  [javaw.exe+0x1e40]
C  [javaw.exe+0xa5b1]
C  [javaw.exe+0xa63b]
C  [kernel32.dll+0x4ee1c]
C  [ntdll.dll+0x6399b]
C  [ntdll.dll+0x6396e]


---------------  P R O C E S S  ---------------

Java Threads: ( => current thread )

Other Threads:

=>0x0130c800 (exited) JavaThread "Unknown thread" [_thread_in_vm, id=7400, stack(0x01150000,0x011a0000)]

VM state:not at safepoint (not fully initialized)

VM Mutex/Monitor currently owned by a thread: None

GC Heap History (0 events):
No events

Deoptimization events (0 events):
No events

Internal exceptions (0 events):
No events

Events (10 events):
Event: 0.010 loading class 0x0165c188 done
Event: 0.010 loading class 0x0165bc18 done
Event: 0.010 loading class 0x0165bbf8
Event: 0.010 loading class 0x01662f20
Event: 0.010 loading class 0x01662f20 done
Event: 0.010 loading class 0x01662f50
Event: 0.010 loading class 0x01662f50 done
Event: 0.010 loading class 0x01662f80
Event: 0.010 loading class 0x01662f80 done
Event: 0.010 loading class 0x0165bbf8 done


Dynamic libraries:
0x011f0000 - 0x0121f000 	D:\waen-devenv\java\jre7\bin\javaw.exe
0x76e70000 - 0x76fb1000 	C:\Windows\SYSTEM32\ntdll.dll
0x75fe0000 - 0x760b4000 	C:\Windows\system32\kernel32.dll
0x74b50000 - 0x74b9b000 	C:\Windows\system32\KERNELBASE.dll
0x75e20000 - 0x75ec0000 	C:\Windows\system32\ADVAPI32.dll
0x75b40000 - 0x75bec000 	C:\Windows\system32\msvcrt.dll
0x77090000 - 0x770a9000 	C:\Windows\SYSTEM32\sechost.dll
0x760f0000 - 0x76192000 	C:\Windows\system32\RPCRT4.dll
0x75f00000 - 0x75fc9000 	C:\Windows\system32\USER32.dll
0x76200000 - 0x7624e000 	C:\Windows\system32\GDI32.dll
0x75fd0000 - 0x75fda000 	C:\Windows\system32\LPK.dll
0x76330000 - 0x763cd000 	C:\Windows\system32\USP10.dll
0x73a10000 - 0x73bae000 	C:\Windows\WinSxS\x86_microsoft.windows.common-controls_6595b64144ccf1df_6.0.7601.17514_none_41e6975e2bd6f2b2\COMCTL32.dll
0x75bf0000 - 0x75c47000 	C:\Windows\system32\SHLWAPI.dll
0x767a0000 - 0x767bf000 	C:\Windows\system32\IMM32.DLL
0x76fc0000 - 0x7708c000 	C:\Windows\system32\MSCTF.dll
0x535d0000 - 0x5368f000 	D:\waen-devenv\java\jre7\bin\msvcr100.dll
0x5e0c0000 - 0x5e440000 	D:\waen-devenv\java\jre7\bin\client\jvm.dll
0x6dad0000 - 0x6dad7000 	C:\Windows\system32\WSOCK32.dll
0x75ec0000 - 0x75ef5000 	C:\Windows\system32\WS2_32.dll
0x770b0000 - 0x770b6000 	C:\Windows\system32\NSI.dll
0x74ea0000 - 0x74ed2000 	C:\Windows\system32\WINMM.dll
0x76790000 - 0x76795000 	C:\Windows\system32\PSAPI.DLL
0x60cf0000 - 0x60cfc000 	D:\waen-devenv\java\jre7\bin\verify.dll
0x5e7a0000 - 0x5e7c0000 	D:\waen-devenv\java\jre7\bin\java.dll
0x5e780000 - 0x5e793000 	D:\waen-devenv\java\jre7\bin\zip.dll
0x73d60000 - 0x73e4b000 	C:\Windows\system32\dbghelp.dll

VM Arguments:
jvm_args: -Dfile.encoding=gbk -Xbootclasspath:D:\eclipse-standard-kepler-SR1-win32\android-sdk\platforms\android-17\android.jar 
java_command: com.example.viewpagerdemo.MyAdapter
Launcher Type: SUN_STANDARD

Environment Variables:
JAVA_HOME=C:\Program Files\Java\jdk1.6.0_30
CLASSPATH=C:\Program Files\Java\jdk1.6.0_30\lib\dt.jar;C:\Program Files\Java\jdk1.6.0_30\lib\tools.jar
PATH=D:/waen-devenv/java/jre7/bin/client;D:/waen-devenv/java/jre7/bin;D:/waen-devenv/java/jre7/lib/i386;C:\Windows\system32;C:\Windows;C:\Windows\System32\Wbem;C:\Windows\System32\WindowsPowerShell\v1.0\;C:\Program Files\Intel\OpenCL SDK\2.0\bin\x86;E:\maven\bin;C:\Program Files\MySQL\MySQL Server 5.5\bin;D:\Program Files\TortoiseSVN\bin;C:\Program Files\Java\jdk1.6.0_30\bin;D:\eclipse-standard-kepler-SR1-win32\android-sdk\platform-tools;;C:\Program Files\Microsoft SQL Server\80\Tools\BINN;C:\Program Files\Microsoft SQL Server\80\Tools\Binn\;C:\Program Files\Microsoft SQL Server\90\DTS\Binn\;C:\Program Files\Microsoft SQL Server\90\Tools\binn\;C:\Program Files\Microsoft SQL Server\90\Tools\Binn\VSShell\Common7\IDE\;C:\Program Files\Microsoft Visual Studio 8\Common7\IDE\PrivateAssemblies\;C:\Program Files\Microsoft\Web Platform Installer\;C:\Program Files\Microsoft ASP.NET\ASP.NET Web Pages\v1.0\;C:\Program Files\Windows Kits\8.0\Windows Performance Toolkit\;C:\Program Files\Microsoft SQL Server\110\Tools\Binn\;D:\eclipse-standard-kepler-SR1-win32\eclipse-luna-android;
USERNAME=lyw
OS=Windows_NT
PROCESSOR_IDENTIFIER=x86 Family 6 Model 58 Stepping 9, GenuineIntel



---------------  S Y S T E M  ---------------

OS: Windows 7 Build 7601 Service Pack 1

CPU:total 2 (2 cores per cpu, 1 threads per core) family 6 model 58 stepping 9, cmov, cx8, fxsr, mmx, sse, sse2, sse3, ssse3, sse4.1, sse4.2, popcnt, erms, tsc, tscinvbit, tscinv

Memory: 4k page, physical 3557124k(312568k free), swap 7112504k(2709556k free)

vm_info: Java HotSpot(TM) Client VM (24.51-b03) for windows-x86 JRE (1.7.0_51-b13), built on Dec 18 2013 19:09:58 by "java_re" with unknown MS VC++:1600

time: Mon Apr 27 15:54:09 2015
elapsed time: 0 seconds

